{"D:\\React Playground\\p1\\Server\\app.js": {"path":"D:\\React Playground\\p1\\Server\\app.js","statementMap":{"0":{"start":{"line":1,"column":16},"end":{"line":1,"column":34}},"1":{"start":{"line":2,"column":12},"end":{"line":2,"column":21}},"2":{"start":{"line":5,"column":0},"end":{"line":5,"column":24}},"3":{"start":{"line":6,"column":0},"end":{"line":6,"column":59}},"4":{"start":{"line":8,"column":0},"end":{"line":8,"column":21}}},"fnMap":{},"branchMap":{},"s":{"0":1,"1":1,"2":1,"3":1,"4":1},"f":{},"b":{},"_coverageSchema":"1a1c01bbd47fc00a2c39e90264f33305004495a9","hash":"c8b15d9f8b3dc1d2790ec6a6cfcae35291b52103"}
,"D:\\React Playground\\p1\\Server\\Middlewares\\authMiddleware.js": {"path":"D:\\React Playground\\p1\\Server\\Middlewares\\authMiddleware.js","statementMap":{"0":{"start":{"line":1,"column":12},"end":{"line":1,"column":35}},"1":{"start":{"line":3,"column":0},"end":{"line":18,"column":2}},"2":{"start":{"line":4,"column":4},"end":{"line":4,"column":29}},"3":{"start":{"line":5,"column":18},"end":{"line":5,"column":43}},"4":{"start":{"line":7,"column":4},"end":{"line":9,"column":5}},"5":{"start":{"line":8,"column":8},"end":{"line":8,"column":65}},"6":{"start":{"line":11,"column":4},"end":{"line":17,"column":5}},"7":{"start":{"line":12,"column":24},"end":{"line":12,"column":65}},"8":{"start":{"line":13,"column":8},"end":{"line":13,"column":27}},"9":{"start":{"line":14,"column":8},"end":{"line":14,"column":15}},"10":{"start":{"line":16,"column":8},"end":{"line":16,"column":77}}},"fnMap":{"0":{"name":"(anonymous_0)","decl":{"start":{"line":3,"column":17},"end":{"line":3,"column":18}},"loc":{"start":{"line":3,"column":37},"end":{"line":18,"column":1}},"line":3}},"branchMap":{"0":{"loc":{"start":{"line":7,"column":4},"end":{"line":9,"column":5}},"type":"if","locations":[{"start":{"line":7,"column":4},"end":{"line":9,"column":5}},{"start":{},"end":{}}],"line":7}},"s":{"0":1,"1":1,"2":0,"3":0,"4":0,"5":0,"6":0,"7":0,"8":0,"9":0,"10":0},"f":{"0":0},"b":{"0":[0,0]},"_coverageSchema":"1a1c01bbd47fc00a2c39e90264f33305004495a9","hash":"451f0b40427bb82dbbab579409ef9e7e8e769757"}
,"D:\\React Playground\\p1\\Server\\Middlewares\\validateUser.js": {"path":"D:\\React Playground\\p1\\Server\\Middlewares\\validateUser.js","statementMap":{"0":{"start":{"line":2,"column":35},"end":{"line":2,"column":63}},"1":{"start":{"line":4,"column":21},"end":{"line":19,"column":1}},"2":{"start":{"line":13,"column":23},"end":{"line":13,"column":44}},"3":{"start":{"line":14,"column":8},"end":{"line":16,"column":9}},"4":{"start":{"line":15,"column":12},"end":{"line":15,"column":68}},"5":{"start":{"line":17,"column":8},"end":{"line":17,"column":15}},"6":{"start":{"line":21,"column":0},"end":{"line":21,"column":30}}},"fnMap":{"0":{"name":"(anonymous_0)","decl":{"start":{"line":12,"column":4},"end":{"line":12,"column":5}},"loc":{"start":{"line":12,"column":24},"end":{"line":18,"column":5}},"line":12}},"branchMap":{"0":{"loc":{"start":{"line":14,"column":8},"end":{"line":16,"column":9}},"type":"if","locations":[{"start":{"line":14,"column":8},"end":{"line":16,"column":9}},{"start":{},"end":{}}],"line":14}},"s":{"0":1,"1":1,"2":0,"3":0,"4":0,"5":0,"6":1},"f":{"0":0},"b":{"0":[0,0]},"_coverageSchema":"1a1c01bbd47fc00a2c39e90264f33305004495a9","hash":"694b3600be22d739e1b797038bdf35ff31deda1e"}
,"D:\\React Playground\\p1\\Server\\Models\\User\\user.model.js": {"path":"D:\\React Playground\\p1\\Server\\Models\\User\\user.model.js","statementMap":{"0":{"start":{"line":1,"column":17},"end":{"line":1,"column":36}},"1":{"start":{"line":3,"column":19},"end":{"line":17,"column":25}},"2":{"start":{"line":19,"column":0},"end":{"line":19,"column":52}}},"fnMap":{},"branchMap":{},"s":{"0":1,"1":1,"2":1},"f":{},"b":{},"_coverageSchema":"1a1c01bbd47fc00a2c39e90264f33305004495a9","hash":"d4ce9a9aee1e17763a19fd3f9e81a4f1eb752537"}
,"D:\\React Playground\\p1\\Server\\Routes\\User\\user.route.js": {"path":"D:\\React Playground\\p1\\Server\\Routes\\User\\user.route.js","statementMap":{"0":{"start":{"line":1,"column":16},"end":{"line":1,"column":34}},"1":{"start":{"line":2,"column":12},"end":{"line":2,"column":35}},"2":{"start":{"line":3,"column":15},"end":{"line":3,"column":32}},"3":{"start":{"line":4,"column":15},"end":{"line":4,"column":31}},"4":{"start":{"line":6,"column":13},"end":{"line":6,"column":52}},"5":{"start":{"line":8,"column":23},"end":{"line":8,"column":66}},"6":{"start":{"line":9,"column":21},"end":{"line":9,"column":62}},"7":{"start":{"line":11,"column":0},"end":{"line":59,"column":2}},"8":{"start":{"line":12,"column":4},"end":{"line":58,"column":5}},"9":{"start":{"line":13,"column":92},"end":{"line":13,"column":100}},"10":{"start":{"line":15,"column":29},"end":{"line":15,"column":58}},"11":{"start":{"line":16,"column":8},"end":{"line":18,"column":9}},"12":{"start":{"line":17,"column":12},"end":{"line":17,"column":76}},"13":{"start":{"line":20,"column":31},"end":{"line":20,"column":62}},"14":{"start":{"line":22,"column":24},"end":{"line":32,"column":10}},"15":{"start":{"line":34,"column":29},"end":{"line":34,"column":49}},"16":{"start":{"line":36,"column":8},"end":{"line":38,"column":9}},"17":{"start":{"line":37,"column":12},"end":{"line":37,"column":80}},"18":{"start":{"line":40,"column":26},"end":{"line":45,"column":55}},"19":{"start":{"line":47,"column":8},"end":{"line":51,"column":11}},"20":{"start":{"line":53,"column":8},"end":{"line":53,"column":62}},"21":{"start":{"line":56,"column":8},"end":{"line":56,"column":52}},"22":{"start":{"line":57,"column":8},"end":{"line":57,"column":67}},"23":{"start":{"line":61,"column":0},"end":{"line":95,"column":2}},"24":{"start":{"line":62,"column":4},"end":{"line":94,"column":5}},"25":{"start":{"line":64,"column":36},"end":{"line":64,"column":44}},"26":{"start":{"line":66,"column":21},"end":{"line":66,"column":50}},"27":{"start":{"line":67,"column":8},"end":{"line":69,"column":9}},"28":{"start":{"line":68,"column":12},"end":{"line":68,"column":82}},"29":{"start":{"line":71,"column":32},"end":{"line":71,"column":77}},"30":{"start":{"line":72,"column":8},"end":{"line":74,"column":9}},"31":{"start":{"line":73,"column":12},"end":{"line":73,"column":82}},"32":{"start":{"line":76,"column":26},"end":{"line":81,"column":55}},"33":{"start":{"line":83,"column":8},"end":{"line":87,"column":11}},"34":{"start":{"line":89,"column":8},"end":{"line":89,"column":50}},"35":{"start":{"line":92,"column":8},"end":{"line":92,"column":45}},"36":{"start":{"line":93,"column":8},"end":{"line":93,"column":67}},"37":{"start":{"line":97,"column":0},"end":{"line":124,"column":2}},"38":{"start":{"line":98,"column":4},"end":{"line":123,"column":5}},"39":{"start":{"line":100,"column":23},"end":{"line":100,"column":40}},"40":{"start":{"line":101,"column":50},"end":{"line":101,"column":58}},"41":{"start":{"line":102,"column":55},"end":{"line":102,"column":67}},"42":{"start":{"line":104,"column":21},"end":{"line":112,"column":25}},"43":{"start":{"line":114,"column":8},"end":{"line":116,"column":9}},"44":{"start":{"line":115,"column":12},"end":{"line":115,"column":71}},"45":{"start":{"line":118,"column":8},"end":{"line":118,"column":59}},"46":{"start":{"line":121,"column":8},"end":{"line":121,"column":52}},"47":{"start":{"line":122,"column":8},"end":{"line":122,"column":67}},"48":{"start":{"line":126,"column":0},"end":{"line":147,"column":2}},"49":{"start":{"line":127,"column":4},"end":{"line":146,"column":5}},"50":{"start":{"line":128,"column":23},"end":{"line":128,"column":40}},"51":{"start":{"line":130,"column":21},"end":{"line":130,"column":57}},"52":{"start":{"line":132,"column":8},"end":{"line":134,"column":9}},"53":{"start":{"line":133,"column":12},"end":{"line":133,"column":71}},"54":{"start":{"line":136,"column":8},"end":{"line":140,"column":11}},"55":{"start":{"line":141,"column":8},"end":{"line":141,"column":59}},"56":{"start":{"line":144,"column":8},"end":{"line":144,"column":53}},"57":{"start":{"line":145,"column":8},"end":{"line":145,"column":67}},"58":{"start":{"line":149,"column":0},"end":{"line":167,"column":3}},"59":{"start":{"line":150,"column":17},"end":{"line":150,"column":25}},"60":{"start":{"line":152,"column":4},"end":{"line":154,"column":5}},"61":{"start":{"line":153,"column":8},"end":{"line":153,"column":65}},"62":{"start":{"line":156,"column":21},"end":{"line":156,"column":49}},"63":{"start":{"line":157,"column":4},"end":{"line":159,"column":5}},"64":{"start":{"line":158,"column":8},"end":{"line":158,"column":67}},"65":{"start":{"line":161,"column":4},"end":{"line":166,"column":7}},"66":{"start":{"line":169,"column":0},"end":{"line":176,"column":3}},"67":{"start":{"line":170,"column":4},"end":{"line":174,"column":7}},"68":{"start":{"line":175,"column":4},"end":{"line":175,"column":53}},"69":{"start":{"line":179,"column":0},"end":{"line":179,"column":23}}},"fnMap":{"0":{"name":"(anonymous_0)","decl":{"start":{"line":11,"column":39},"end":{"line":11,"column":40}},"loc":{"start":{"line":11,"column":59},"end":{"line":59,"column":1}},"line":11},"1":{"name":"(anonymous_1)","decl":{"start":{"line":61,"column":22},"end":{"line":61,"column":23}},"loc":{"start":{"line":61,"column":42},"end":{"line":95,"column":1}},"line":61},"2":{"name":"(anonymous_2)","decl":{"start":{"line":97,"column":32},"end":{"line":97,"column":33}},"loc":{"start":{"line":97,"column":52},"end":{"line":124,"column":1}},"line":97},"3":{"name":"(anonymous_3)","decl":{"start":{"line":126,"column":35},"end":{"line":126,"column":36}},"loc":{"start":{"line":126,"column":55},"end":{"line":147,"column":1}},"line":126},"4":{"name":"(anonymous_4)","decl":{"start":{"line":149,"column":39},"end":{"line":149,"column":40}},"loc":{"start":{"line":149,"column":59},"end":{"line":167,"column":1}},"line":149},"5":{"name":"(anonymous_5)","decl":{"start":{"line":169,"column":23},"end":{"line":169,"column":24}},"loc":{"start":{"line":169,"column":37},"end":{"line":176,"column":1}},"line":169}},"branchMap":{"0":{"loc":{"start":{"line":16,"column":8},"end":{"line":18,"column":9}},"type":"if","locations":[{"start":{"line":16,"column":8},"end":{"line":18,"column":9}},{"start":{},"end":{}}],"line":16},"1":{"loc":{"start":{"line":26,"column":23},"end":{"line":26,"column":41}},"type":"binary-expr","locations":[{"start":{"line":26,"column":23},"end":{"line":26,"column":31}},{"start":{"line":26,"column":35},"end":{"line":26,"column":41}}],"line":26},"2":{"loc":{"start":{"line":36,"column":8},"end":{"line":38,"column":9}},"type":"if","locations":[{"start":{"line":36,"column":8},"end":{"line":38,"column":9}},{"start":{},"end":{}}],"line":36},"3":{"loc":{"start":{"line":67,"column":8},"end":{"line":69,"column":9}},"type":"if","locations":[{"start":{"line":67,"column":8},"end":{"line":69,"column":9}},{"start":{},"end":{}}],"line":67},"4":{"loc":{"start":{"line":72,"column":8},"end":{"line":74,"column":9}},"type":"if","locations":[{"start":{"line":72,"column":8},"end":{"line":74,"column":9}},{"start":{},"end":{}}],"line":72},"5":{"loc":{"start":{"line":114,"column":8},"end":{"line":116,"column":9}},"type":"if","locations":[{"start":{"line":114,"column":8},"end":{"line":116,"column":9}},{"start":{},"end":{}}],"line":114},"6":{"loc":{"start":{"line":132,"column":8},"end":{"line":134,"column":9}},"type":"if","locations":[{"start":{"line":132,"column":8},"end":{"line":134,"column":9}},{"start":{},"end":{}}],"line":132},"7":{"loc":{"start":{"line":152,"column":4},"end":{"line":154,"column":5}},"type":"if","locations":[{"start":{"line":152,"column":4},"end":{"line":154,"column":5}},{"start":{},"end":{}}],"line":152},"8":{"loc":{"start":{"line":157,"column":4},"end":{"line":159,"column":5}},"type":"if","locations":[{"start":{"line":157,"column":4},"end":{"line":159,"column":5}},{"start":{},"end":{}}],"line":157}},"s":{"0":1,"1":1,"2":1,"3":1,"4":1,"5":1,"6":1,"7":1,"8":0,"9":0,"10":0,"11":0,"12":0,"13":0,"14":0,"15":0,"16":0,"17":0,"18":0,"19":0,"20":0,"21":0,"22":0,"23":1,"24":0,"25":0,"26":0,"27":0,"28":0,"29":0,"30":0,"31":0,"32":0,"33":0,"34":0,"35":0,"36":0,"37":1,"38":0,"39":0,"40":0,"41":0,"42":0,"43":0,"44":0,"45":0,"46":0,"47":0,"48":1,"49":0,"50":0,"51":0,"52":0,"53":0,"54":0,"55":0,"56":0,"57":0,"58":1,"59":0,"60":0,"61":0,"62":0,"63":0,"64":0,"65":0,"66":1,"67":0,"68":0,"69":1},"f":{"0":0,"1":0,"2":0,"3":0,"4":0,"5":0},"b":{"0":[0,0],"1":[0,0],"2":[0,0],"3":[0,0],"4":[0,0],"5":[0,0],"6":[0,0],"7":[0,0],"8":[0,0]},"_coverageSchema":"1a1c01bbd47fc00a2c39e90264f33305004495a9","hash":"ad4a17fc6295efe8252355ae24f418e899e02d76"}
}
