TN:
SF:app.js
FNF:0
FNH:0
DA:1,1
DA:2,1
DA:5,1
DA:6,1
DA:8,1
LF:5
LH:5
BRF:0
BRH:0
end_of_record
TN:
SF:Middlewares\authMiddleware.js
FN:3,(anonymous_0)
FNF:1
FNH:0
FNDA:0,(anonymous_0)
DA:1,1
DA:3,1
DA:4,0
DA:5,0
DA:7,0
DA:8,0
DA:11,0
DA:12,0
DA:13,0
DA:14,0
DA:16,0
LF:11
LH:2
BRDA:7,0,0,0
BRDA:7,0,1,0
BRF:2
BRH:0
end_of_record
TN:
SF:Middlewares\validateUser.js
FN:12,(anonymous_0)
FNF:1
FNH:0
FNDA:0,(anonymous_0)
DA:2,1
DA:4,1
DA:13,0
DA:14,0
DA:15,0
DA:17,0
DA:21,1
LF:7
LH:3
BRDA:14,0,0,0
BRDA:14,0,1,0
BRF:2
BRH:0
end_of_record
TN:
SF:Models\User\user.model.js
FNF:0
FNH:0
DA:1,1
DA:3,1
DA:19,1
LF:3
LH:3
BRF:0
BRH:0
end_of_record
TN:
SF:Routes\User\user.route.js
FN:11,(anonymous_0)
FN:61,(anonymous_1)
FN:97,(anonymous_2)
FN:126,(anonymous_3)
FN:149,(anonymous_4)
FN:169,(anonymous_5)
FNF:6
FNH:0
FNDA:0,(anonymous_0)
FNDA:0,(anonymous_1)
FNDA:0,(anonymous_2)
FNDA:0,(anonymous_3)
FNDA:0,(anonymous_4)
FNDA:0,(anonymous_5)
DA:1,1
DA:2,1
DA:3,1
DA:4,1
DA:6,1
DA:8,1
DA:9,1
DA:11,1
DA:12,0
DA:13,0
DA:15,0
DA:16,0
DA:17,0
DA:20,0
DA:22,0
DA:34,0
DA:36,0
DA:37,0
DA:40,0
DA:47,0
DA:53,0
DA:56,0
DA:57,0
DA:61,1
DA:62,0
DA:64,0
DA:66,0
DA:67,0
DA:68,0
DA:71,0
DA:72,0
DA:73,0
DA:76,0
DA:83,0
DA:89,0
DA:92,0
DA:93,0
DA:97,1
DA:98,0
DA:100,0
DA:101,0
DA:102,0
DA:104,0
DA:114,0
DA:115,0
DA:118,0
DA:121,0
DA:122,0
DA:126,1
DA:127,0
DA:128,0
DA:130,0
DA:132,0
DA:133,0
DA:136,0
DA:141,0
DA:144,0
DA:145,0
DA:149,1
DA:150,0
DA:152,0
DA:153,0
DA:156,0
DA:157,0
DA:158,0
DA:161,0
DA:169,1
DA:170,0
DA:175,0
DA:179,1
LF:70
LH:14
BRDA:16,0,0,0
BRDA:16,0,1,0
BRDA:26,1,0,0
BRDA:26,1,1,0
BRDA:36,2,0,0
BRDA:36,2,1,0
BRDA:67,3,0,0
BRDA:67,3,1,0
BRDA:72,4,0,0
BRDA:72,4,1,0
BRDA:114,5,0,0
BRDA:114,5,1,0
BRDA:132,6,0,0
BRDA:132,6,1,0
BRDA:152,7,0,0
BRDA:152,7,1,0
BRDA:157,8,0,0
BRDA:157,8,1,0
BRF:18
BRH:0
end_of_record
